==========================================
SLURM_JOB_ID = 17436388
SLURM_JOB_NODELIST = d14-14
TMPDIR = /tmp/SLURM_17436388
==========================================
CUDA_VISIBLE_DEVICES: 0,1
Wed Oct 25 02:20:13 2023       
+-----------------------------------------------------------------------------+
| NVIDIA-SMI 510.73.08    Driver Version: 510.73.08    CUDA Version: 11.6     |
|-------------------------------+----------------------+----------------------+
| GPU  Name        Persistence-M| Bus-Id        Disp.A | Volatile Uncorr. ECC |
| Fan  Temp  Perf  Pwr:Usage/Cap|         Memory-Usage | GPU-Util  Compute M. |
|                               |                      |               MIG M. |
|===============================+======================+======================|
|   0  Tesla V100-PCIE...  Off  | 00000000:3B:00.0 Off |                    0 |
| N/A   27C    P0    34W / 250W |      0MiB / 32768MiB |      0%      Default |
|                               |                      |                  N/A |
+-------------------------------+----------------------+----------------------+
|   1  Tesla V100-PCIE...  Off  | 00000000:D8:00.0 Off |                    0 |
| N/A   27C    P0    34W / 250W |      0MiB / 32768MiB |      2%      Default |
|                               |                      |                  N/A |
+-------------------------------+----------------------+----------------------+
                                                                               
+-----------------------------------------------------------------------------+
| Processes:                                                                  |
|  GPU   GI   CI        PID   Type   Process name                  GPU Memory |
|        ID   ID                                                   Usage      |
|=============================================================================|
|  No running processes found                                                 |
+-----------------------------------------------------------------------------+

Running Baseline Experiment


 Epoch 0: Val loss 2.7266411781311035 Val ppl 15.281473159790039 

 Epoch 1: Val loss 2.6960623264312744 Val ppl 14.821255683898926 

 Epoch 2: Val loss 2.706211566925049 Val ppl 14.972445487976074 

 Epoch 3: Val loss 2.7330551147460938 Val ppl 15.379801750183105 

 Epoch 4: Val loss 2.7416396141052246 Val ppl 15.512398719787598 

 Epoch 5: Val loss 2.7581064701080322 Val ppl 15.769952774047852 
DONE
